<?xml version="1.0" encoding="UTF-8"?>
<testng-results ignored="0" total="1" passed="1" failed="0" skipped="0">
  <reporter-output>
  </reporter-output>
  <suite started-at="2025-02-12T12:42:00 IST" name="Default suite" finished-at="2025-02-12T12:42:07 IST" duration-ms="7618">
    <groups>
    </groups>
    <test started-at="2025-02-12T12:42:00 IST" name="Default test" finished-at="2025-02-12T12:42:07 IST" duration-ms="7618">
      <class name="Sample.Launch_a_browser">
        <test-method signature="m1()[pri:0, instance:Sample.Launch_a_browser@38c6f217]" started-at="2025-02-12T12:42:00 IST" name="m1" finished-at="2025-02-12T12:42:07 IST" duration-ms="7581" status="PASS">
          <reporter-output>
          </reporter-output>
        </test-method> <!-- m1 -->
      </class> <!-- Sample.Launch_a_browser -->
    </test> <!-- Default test -->
  </suite> <!-- Default suite -->
</testng-results>
